<?xml version="1.0" encoding="UTF-8"?>
<!-- Generated by org.testng.reporters.JUnitXMLReporter -->
<testsuite hostname="DESKTOP-3942BU5" ignored="0" name="Login" tests="4" failures="3" timestamp="28 Jan 2017 07:06:45 GMT" time="26.689" errors="0">
  <testcase name="test1" time="12.175" classname="seleniumDemo.TestNG">
    <failure type="junit.framework.ComparisonFailure" message="expected:&amp;lt;Howdy, admi[]&amp;gt; but was:&amp;lt;Howdy, admi[n]&amp;gt;">
      <![CDATA[junit.framework.ComparisonFailure: expected:<Howdy, admi[]> but was:<Howdy, admi[n]>
	at junit.framework.Assert.assertEquals(Assert.java:100)
	at junit.framework.Assert.assertEquals(Assert.java:107)
	at seleniumDemo.TestNG.test1(TestNG.java:40)
... Removed 25 stack frames]]>
    </failure>
  </testcase> <!-- test1 -->
  <testcase name="test1" time="4.05" classname="seleniumDemo.TestNG">
    <failure type="junit.framework.ComparisonFailure" message="expected:&amp;lt;Howdy, admi[]&amp;gt; but was:&amp;lt;Howdy, admi[n]&amp;gt;">
      <![CDATA[junit.framework.ComparisonFailure: expected:<Howdy, admi[]> but was:<Howdy, admi[n]>
	at junit.framework.Assert.assertEquals(Assert.java:100)
	at junit.framework.Assert.assertEquals(Assert.java:107)
	at seleniumDemo.TestNG.test1(TestNG.java:40)
... Removed 25 stack frames]]>
    </failure>
  </testcase> <!-- test1 -->
  <testcase name="test1" time="4.808" classname="seleniumDemo.TestNG">
    <failure type="junit.framework.ComparisonFailure" message="expected:&amp;lt;Howdy, admi[]&amp;gt; but was:&amp;lt;Howdy, admi[n]&amp;gt;">
      <![CDATA[junit.framework.ComparisonFailure: expected:<Howdy, admi[]> but was:<Howdy, admi[n]>
	at junit.framework.Assert.assertEquals(Assert.java:100)
	at junit.framework.Assert.assertEquals(Assert.java:107)
	at seleniumDemo.TestNG.test1(TestNG.java:40)
... Removed 25 stack frames]]>
    </failure>
  </testcase> <!-- test1 -->
  <testcase name="test2" time="0.002" classname="seleniumDemo.TestNG"/>
</testsuite> <!-- Login -->
